[2023-05-29 09:28:30] production.ERROR: SQLSTATE[42000]: Syntax error or access violation: 1061 Duplicate key name 'p127_0_0_1__contentparent_index' (SQL: alter table `p127_0_0_1__content` add index `p127_0_0_1__contentparent_index`(`parent`)) {"exception":"[object] (Illuminate\\Database\\QueryException(code: 42000): SQLSTATE[42000]: Syntax error or access violation: 1061 Duplicate key name 'p127_0_0_1__contentparent_index' (SQL: alter table `p127_0_0_1__content` add index `p127_0_0_1__contentparent_index`(`parent`)) at C:\\Users\\mihad\\OneDrive\\Namizje\\microweber-master (3)\\vendor\\laravel\\framework\\src\\Illuminate\\Database\\Connection.php:760)
[stacktrace]
#0 C:\\Users\\mihad\\OneDrive\\Namizje\\microweber-master (3)\\vendor\\laravel\\framework\\src\\Illuminate\\Database\\Connection.php(720): Illuminate\\Database\\Connection->runQueryCallback('alter table `p1...', Array, Object(Closure))
#1 C:\\Users\\mihad\\OneDrive\\Namizje\\microweber-master (3)\\vendor\\laravel\\framework\\src\\Illuminate\\Database\\Connection.php(534): Illuminate\\Database\\Connection->run('alter table `p1...', Array, Object(Closure))
#2 C:\\Users\\mihad\\OneDrive\\Namizje\\microweber-master (3)\\vendor\\laravel\\framework\\src\\Illuminate\\Database\\Schema\\Blueprint.php(109): Illuminate\\Database\\Connection->statement('alter table `p1...')
#3 C:\\Users\\mihad\\OneDrive\\Namizje\\microweber-master (3)\\vendor\\laravel\\framework\\src\\Illuminate\\Database\\Schema\\Builder.php(439): Illuminate\\Database\\Schema\\Blueprint->build(Object(Illuminate\\Database\\MySqlConnection), Object(Illuminate\\Database\\Schema\\Grammars\\MySqlGrammar))
#4 C:\\Users\\mihad\\OneDrive\\Namizje\\microweber-master (3)\\vendor\\laravel\\framework\\src\\Illuminate\\Database\\Schema\\Builder.php(269): Illuminate\\Database\\Schema\\Builder->build(Object(Illuminate\\Database\\Schema\\Blueprint))
#5 C:\\Users\\mihad\\OneDrive\\Namizje\\microweber-master (3)\\vendor\\laravel\\framework\\src\\Illuminate\\Support\\Facades\\Facade.php(338): Illuminate\\Database\\Schema\\Builder->table('content', Object(Closure))
#6 C:\\Users\\mihad\\OneDrive\\Namizje\\microweber-master (3)\\src\\MicroweberPackages\\Content\\migrations\\2022_10_04_000000_add_indexes_to_content.php(19): Illuminate\\Support\\Facades\\Facade::__callStatic('table', Array)
#7 C:\\Users\\mihad\\OneDrive\\Namizje\\microweber-master (3)\\vendor\\laravel\\framework\\src\\Illuminate\\Database\\Migrations\\Migrator.php(481): AddIndexesToContent->up()
#8 C:\\Users\\mihad\\OneDrive\\Namizje\\microweber-master (3)\\vendor\\laravel\\framework\\src\\Illuminate\\Database\\Migrations\\Migrator.php(399): Illuminate\\Database\\Migrations\\Migrator->runMethod(Object(Illuminate\\Database\\MySqlConnection), Object(AddIndexesToContent), 'up')
#9 C:\\Users\\mihad\\OneDrive\\Namizje\\microweber-master (3)\\vendor\\laravel\\framework\\src\\Illuminate\\Database\\Migrations\\Migrator.php(408): Illuminate\\Database\\Migrations\\Migrator->Illuminate\\Database\\Migrations\\{closure}()
#10 C:\\Users\\mihad\\OneDrive\\Namizje\\microweber-master (3)\\vendor\\laravel\\framework\\src\\Illuminate\\Database\\Migrations\\Migrator.php(209): Illuminate\\Database\\Migrations\\Migrator->runMigration(Object(AddIndexesToContent), 'up')
#11 C:\\Users\\mihad\\OneDrive\\Namizje\\microweber-master (3)\\vendor\\laravel\\framework\\src\\Illuminate\\Console\\View\\Components\\Task.php(36): Illuminate\\Database\\Migrations\\Migrator->Illuminate\\Database\\Migrations\\{closure}()
#12 C:\\Users\\mihad\\OneDrive\\Namizje\\microweber-master (3)\\vendor\\laravel\\framework\\src\\Illuminate\\Database\\Migrations\\Migrator.php(738): Illuminate\\Console\\View\\Components\\Task->render('2022_10_04_0000...', Object(Closure))
#13 C:\\Users\\mihad\\OneDrive\\Namizje\\microweber-master (3)\\vendor\\laravel\\framework\\src\\Illuminate\\Database\\Migrations\\Migrator.php(209): Illuminate\\Database\\Migrations\\Migrator->write('Illuminate\\\\Cons...', '2022_10_04_0000...', Object(Closure))
#14 C:\\Users\\mihad\\OneDrive\\Namizje\\microweber-master (3)\\vendor\\laravel\\framework\\src\\Illuminate\\Database\\Migrations\\Migrator.php(174): Illuminate\\Database\\Migrations\\Migrator->runUp('C:\\\\Users\\\\mihad\\\\...', 3, false)
#15 C:\\Users\\mihad\\OneDrive\\Namizje\\microweber-master (3)\\vendor\\laravel\\framework\\src\\Illuminate\\Database\\Migrations\\Migrator.php(117): Illuminate\\Database\\Migrations\\Migrator->runPending(Array, Array)
#16 C:\\Users\\mihad\\OneDrive\\Namizje\\microweber-master (3)\\vendor\\laravel\\framework\\src\\Illuminate\\Database\\Console\\Migrations\\MigrateCommand.php(88): Illuminate\\Database\\Migrations\\Migrator->run(Array, Array)
#17 C:\\Users\\mihad\\OneDrive\\Namizje\\microweber-master (3)\\vendor\\laravel\\framework\\src\\Illuminate\\Database\\Migrations\\Migrator.php(615): Illuminate\\Database\\Console\\Migrations\\MigrateCommand->Illuminate\\Database\\Console\\Migrations\\{closure}()
#18 C:\\Users\\mihad\\OneDrive\\Namizje\\microweber-master (3)\\vendor\\laravel\\framework\\src\\Illuminate\\Database\\Console\\Migrations\\MigrateCommand.php(81): Illuminate\\Database\\Migrations\\Migrator->usingConnection(NULL, Object(Closure))
#19 C:\\Users\\mihad\\OneDrive\\Namizje\\microweber-master (3)\\vendor\\laravel\\framework\\src\\Illuminate\\Container\\BoundMethod.php(36): Illuminate\\Database\\Console\\Migrations\\MigrateCommand->handle()
#20 C:\\Users\\mihad\\OneDrive\\Namizje\\microweber-master (3)\\vendor\\laravel\\framework\\src\\Illuminate\\Container\\Util.php(41): Illuminate\\Container\\BoundMethod::Illuminate\\Container\\{closure}()
#21 C:\\Users\\mihad\\OneDrive\\Namizje\\microweber-master (3)\\vendor\\laravel\\framework\\src\\Illuminate\\Container\\BoundMethod.php(93): Illuminate\\Container\\Util::unwrapIfClosure(Object(Closure))
#22 C:\\Users\\mihad\\OneDrive\\Namizje\\microweber-master (3)\\vendor\\laravel\\framework\\src\\Illuminate\\Container\\BoundMethod.php(35): Illuminate\\Container\\BoundMethod::callBoundMethod(Object(MicroweberPackages\\App\\LaravelApplication), Array, Object(Closure))
#23 C:\\Users\\mihad\\OneDrive\\Namizje\\microweber-master (3)\\vendor\\laravel\\framework\\src\\Illuminate\\Container\\Container.php(663): Illuminate\\Container\\BoundMethod::call(Object(MicroweberPackages\\App\\LaravelApplication), Array, Array, NULL)
#24 C:\\Users\\mihad\\OneDrive\\Namizje\\microweber-master (3)\\vendor\\laravel\\framework\\src\\Illuminate\\Console\\Command.php(182): Illuminate\\Container\\Container->call(Array)
#25 C:\\Users\\mihad\\OneDrive\\Namizje\\microweber-master (3)\\vendor\\symfony\\console\\Command\\Command.php(326): Illuminate\\Console\\Command->execute(Object(Symfony\\Component\\Console\\Input\\ArgvInput), Object(Illuminate\\Console\\OutputStyle))
#26 C:\\Users\\mihad\\OneDrive\\Namizje\\microweber-master (3)\\vendor\\laravel\\framework\\src\\Illuminate\\Console\\Command.php(151): Symfony\\Component\\Console\\Command\\Command->run(Object(Symfony\\Component\\Console\\Input\\ArgvInput), Object(Illuminate\\Console\\OutputStyle))
#27 C:\\Users\\mihad\\OneDrive\\Namizje\\microweber-master (3)\\vendor\\symfony\\console\\Application.php(1038): Illuminate\\Console\\Command->run(Object(Symfony\\Component\\Console\\Input\\ArgvInput), Object(Symfony\\Component\\Console\\Output\\ConsoleOutput))
#28 C:\\Users\\mihad\\OneDrive\\Namizje\\microweber-master (3)\\vendor\\symfony\\console\\Application.php(320): Symfony\\Component\\Console\\Application->doRunCommand(Object(Illuminate\\Database\\Console\\Migrations\\MigrateCommand), Object(Symfony\\Component\\Console\\Input\\ArgvInput), Object(Symfony\\Component\\Console\\Output\\ConsoleOutput))
#29 C:\\Users\\mihad\\OneDrive\\Namizje\\microweber-master (3)\\vendor\\symfony\\console\\Application.php(174): Symfony\\Component\\Console\\Application->doRun(Object(Symfony\\Component\\Console\\Input\\ArgvInput), Object(Symfony\\Component\\Console\\Output\\ConsoleOutput))
#30 C:\\Users\\mihad\\OneDrive\\Namizje\\microweber-master (3)\\vendor\\laravel\\framework\\src\\Illuminate\\Console\\Application.php(102): Symfony\\Component\\Console\\Application->run(Object(Symfony\\Component\\Console\\Input\\ArgvInput), Object(Symfony\\Component\\Console\\Output\\ConsoleOutput))
#31 C:\\Users\\mihad\\OneDrive\\Namizje\\microweber-master (3)\\vendor\\laravel\\framework\\src\\Illuminate\\Foundation\\Console\\Kernel.php(155): Illuminate\\Console\\Application->run(Object(Symfony\\Component\\Console\\Input\\ArgvInput), Object(Symfony\\Component\\Console\\Output\\ConsoleOutput))
#32 C:\\Users\\mihad\\OneDrive\\Namizje\\microweber-master (3)\\artisan(31): Illuminate\\Foundation\\Console\\Kernel->handle(Object(Symfony\\Component\\Console\\Input\\ArgvInput), Object(Symfony\\Component\\Console\\Output\\ConsoleOutput))
#33 {main}

[previous exception] [object] (PDOException(code: 42000): SQLSTATE[42000]: Syntax error or access violation: 1061 Duplicate key name 'p127_0_0_1__contentparent_index' at C:\\Users\\mihad\\OneDrive\\Namizje\\microweber-master (3)\\vendor\\laravel\\framework\\src\\Illuminate\\Database\\Connection.php:545)
[stacktrace]
#0 C:\\Users\\mihad\\OneDrive\\Namizje\\microweber-master (3)\\vendor\\laravel\\framework\\src\\Illuminate\\Database\\Connection.php(545): PDOStatement->execute()
#1 C:\\Users\\mihad\\OneDrive\\Namizje\\microweber-master (3)\\vendor\\laravel\\framework\\src\\Illuminate\\Database\\Connection.php(753): Illuminate\\Database\\Connection->Illuminate\\Database\\{closure}('alter table `p1...', Array)
#2 C:\\Users\\mihad\\OneDrive\\Namizje\\microweber-master (3)\\vendor\\laravel\\framework\\src\\Illuminate\\Database\\Connection.php(720): Illuminate\\Database\\Connection->runQueryCallback('alter table `p1...', Array, Object(Closure))
#3 C:\\Users\\mihad\\OneDrive\\Namizje\\microweber-master (3)\\vendor\\laravel\\framework\\src\\Illuminate\\Database\\Connection.php(534): Illuminate\\Database\\Connection->run('alter table `p1...', Array, Object(Closure))
#4 C:\\Users\\mihad\\OneDrive\\Namizje\\microweber-master (3)\\vendor\\laravel\\framework\\src\\Illuminate\\Database\\Schema\\Blueprint.php(109): Illuminate\\Database\\Connection->statement('alter table `p1...')
#5 C:\\Users\\mihad\\OneDrive\\Namizje\\microweber-master (3)\\vendor\\laravel\\framework\\src\\Illuminate\\Database\\Schema\\Builder.php(439): Illuminate\\Database\\Schema\\Blueprint->build(Object(Illuminate\\Database\\MySqlConnection), Object(Illuminate\\Database\\Schema\\Grammars\\MySqlGrammar))
#6 C:\\Users\\mihad\\OneDrive\\Namizje\\microweber-master (3)\\vendor\\laravel\\framework\\src\\Illuminate\\Database\\Schema\\Builder.php(269): Illuminate\\Database\\Schema\\Builder->build(Object(Illuminate\\Database\\Schema\\Blueprint))
#7 C:\\Users\\mihad\\OneDrive\\Namizje\\microweber-master (3)\\vendor\\laravel\\framework\\src\\Illuminate\\Support\\Facades\\Facade.php(338): Illuminate\\Database\\Schema\\Builder->table('content', Object(Closure))
#8 C:\\Users\\mihad\\OneDrive\\Namizje\\microweber-master (3)\\src\\MicroweberPackages\\Content\\migrations\\2022_10_04_000000_add_indexes_to_content.php(19): Illuminate\\Support\\Facades\\Facade::__callStatic('table', Array)
#9 C:\\Users\\mihad\\OneDrive\\Namizje\\microweber-master (3)\\vendor\\laravel\\framework\\src\\Illuminate\\Database\\Migrations\\Migrator.php(481): AddIndexesToContent->up()
#10 C:\\Users\\mihad\\OneDrive\\Namizje\\microweber-master (3)\\vendor\\laravel\\framework\\src\\Illuminate\\Database\\Migrations\\Migrator.php(399): Illuminate\\Database\\Migrations\\Migrator->runMethod(Object(Illuminate\\Database\\MySqlConnection), Object(AddIndexesToContent), 'up')
#11 C:\\Users\\mihad\\OneDrive\\Namizje\\microweber-master (3)\\vendor\\laravel\\framework\\src\\Illuminate\\Database\\Migrations\\Migrator.php(408): Illuminate\\Database\\Migrations\\Migrator->Illuminate\\Database\\Migrations\\{closure}()
#12 C:\\Users\\mihad\\OneDrive\\Namizje\\microweber-master (3)\\vendor\\laravel\\framework\\src\\Illuminate\\Database\\Migrations\\Migrator.php(209): Illuminate\\Database\\Migrations\\Migrator->runMigration(Object(AddIndexesToContent), 'up')
#13 C:\\Users\\mihad\\OneDrive\\Namizje\\microweber-master (3)\\vendor\\laravel\\framework\\src\\Illuminate\\Console\\View\\Components\\Task.php(36): Illuminate\\Database\\Migrations\\Migrator->Illuminate\\Database\\Migrations\\{closure}()
#14 C:\\Users\\mihad\\OneDrive\\Namizje\\microweber-master (3)\\vendor\\laravel\\framework\\src\\Illuminate\\Database\\Migrations\\Migrator.php(738): Illuminate\\Console\\View\\Components\\Task->render('2022_10_04_0000...', Object(Closure))
#15 C:\\Users\\mihad\\OneDrive\\Namizje\\microweber-master (3)\\vendor\\laravel\\framework\\src\\Illuminate\\Database\\Migrations\\Migrator.php(209): Illuminate\\Database\\Migrations\\Migrator->write('Illuminate\\\\Cons...', '2022_10_04_0000...', Object(Closure))
#16 C:\\Users\\mihad\\OneDrive\\Namizje\\microweber-master (3)\\vendor\\laravel\\framework\\src\\Illuminate\\Database\\Migrations\\Migrator.php(174): Illuminate\\Database\\Migrations\\Migrator->runUp('C:\\\\Users\\\\mihad\\\\...', 3, false)
#17 C:\\Users\\mihad\\OneDrive\\Namizje\\microweber-master (3)\\vendor\\laravel\\framework\\src\\Illuminate\\Database\\Migrations\\Migrator.php(117): Illuminate\\Database\\Migrations\\Migrator->runPending(Array, Array)
#18 C:\\Users\\mihad\\OneDrive\\Namizje\\microweber-master (3)\\vendor\\laravel\\framework\\src\\Illuminate\\Database\\Console\\Migrations\\MigrateCommand.php(88): Illuminate\\Database\\Migrations\\Migrator->run(Array, Array)
#19 C:\\Users\\mihad\\OneDrive\\Namizje\\microweber-master (3)\\vendor\\laravel\\framework\\src\\Illuminate\\Database\\Migrations\\Migrator.php(615): Illuminate\\Database\\Console\\Migrations\\MigrateCommand->Illuminate\\Database\\Console\\Migrations\\{closure}()
#20 C:\\Users\\mihad\\OneDrive\\Namizje\\microweber-master (3)\\vendor\\laravel\\framework\\src\\Illuminate\\Database\\Console\\Migrations\\MigrateCommand.php(81): Illuminate\\Database\\Migrations\\Migrator->usingConnection(NULL, Object(Closure))
#21 C:\\Users\\mihad\\OneDrive\\Namizje\\microweber-master (3)\\vendor\\laravel\\framework\\src\\Illuminate\\Container\\BoundMethod.php(36): Illuminate\\Database\\Console\\Migrations\\MigrateCommand->handle()
#22 C:\\Users\\mihad\\OneDrive\\Namizje\\microweber-master (3)\\vendor\\laravel\\framework\\src\\Illuminate\\Container\\Util.php(41): Illuminate\\Container\\BoundMethod::Illuminate\\Container\\{closure}()
#23 C:\\Users\\mihad\\OneDrive\\Namizje\\microweber-master (3)\\vendor\\laravel\\framework\\src\\Illuminate\\Container\\BoundMethod.php(93): Illuminate\\Container\\Util::unwrapIfClosure(Object(Closure))
#24 C:\\Users\\mihad\\OneDrive\\Namizje\\microweber-master (3)\\vendor\\laravel\\framework\\src\\Illuminate\\Container\\BoundMethod.php(35): Illuminate\\Container\\BoundMethod::callBoundMethod(Object(MicroweberPackages\\App\\LaravelApplication), Array, Object(Closure))
#25 C:\\Users\\mihad\\OneDrive\\Namizje\\microweber-master (3)\\vendor\\laravel\\framework\\src\\Illuminate\\Container\\Container.php(663): Illuminate\\Container\\BoundMethod::call(Object(MicroweberPackages\\App\\LaravelApplication), Array, Array, NULL)
#26 C:\\Users\\mihad\\OneDrive\\Namizje\\microweber-master (3)\\vendor\\laravel\\framework\\src\\Illuminate\\Console\\Command.php(182): Illuminate\\Container\\Container->call(Array)
#27 C:\\Users\\mihad\\OneDrive\\Namizje\\microweber-master (3)\\vendor\\symfony\\console\\Command\\Command.php(326): Illuminate\\Console\\Command->execute(Object(Symfony\\Component\\Console\\Input\\ArgvInput), Object(Illuminate\\Console\\OutputStyle))
#28 C:\\Users\\mihad\\OneDrive\\Namizje\\microweber-master (3)\\vendor\\laravel\\framework\\src\\Illuminate\\Console\\Command.php(151): Symfony\\Component\\Console\\Command\\Command->run(Object(Symfony\\Component\\Console\\Input\\ArgvInput), Object(Illuminate\\Console\\OutputStyle))
#29 C:\\Users\\mihad\\OneDrive\\Namizje\\microweber-master (3)\\vendor\\symfony\\console\\Application.php(1038): Illuminate\\Console\\Command->run(Object(Symfony\\Component\\Console\\Input\\ArgvInput), Object(Symfony\\Component\\Console\\Output\\ConsoleOutput))
#30 C:\\Users\\mihad\\OneDrive\\Namizje\\microweber-master (3)\\vendor\\symfony\\console\\Application.php(320): Symfony\\Component\\Console\\Application->doRunCommand(Object(Illuminate\\Database\\Console\\Migrations\\MigrateCommand), Object(Symfony\\Component\\Console\\Input\\ArgvInput), Object(Symfony\\Component\\Console\\Output\\ConsoleOutput))
#31 C:\\Users\\mihad\\OneDrive\\Namizje\\microweber-master (3)\\vendor\\symfony\\console\\Application.php(174): Symfony\\Component\\Console\\Application->doRun(Object(Symfony\\Component\\Console\\Input\\ArgvInput), Object(Symfony\\Component\\Console\\Output\\ConsoleOutput))
#32 C:\\Users\\mihad\\OneDrive\\Namizje\\microweber-master (3)\\vendor\\laravel\\framework\\src\\Illuminate\\Console\\Application.php(102): Symfony\\Component\\Console\\Application->run(Object(Symfony\\Component\\Console\\Input\\ArgvInput), Object(Symfony\\Component\\Console\\Output\\ConsoleOutput))
#33 C:\\Users\\mihad\\OneDrive\\Namizje\\microweber-master (3)\\vendor\\laravel\\framework\\src\\Illuminate\\Foundation\\Console\\Kernel.php(155): Illuminate\\Console\\Application->run(Object(Symfony\\Component\\Console\\Input\\ArgvInput), Object(Symfony\\Component\\Console\\Output\\ConsoleOutput))
#34 C:\\Users\\mihad\\OneDrive\\Namizje\\microweber-master (3)\\artisan(31): Illuminate\\Foundation\\Console\\Kernel->handle(Object(Symfony\\Component\\Console\\Input\\ArgvInput), Object(Symfony\\Component\\Console\\Output\\ConsoleOutput))
#35 {main}
"} 
[2023-05-29 11:11:37] production.ERROR: View [error] not found. {"userId":2,"exception":"[object] (InvalidArgumentException(code: 0): View [error] not found. at C:\\Users\\mihad\\OneDrive\\Namizje\\microweber-master (3)\\vendor\\laravel\\framework\\src\\Illuminate\\View\\FileViewFinder.php:137)
[stacktrace]
#0 C:\\Users\\mihad\\OneDrive\\Namizje\\microweber-master (3)\\vendor\\laravel\\framework\\src\\Illuminate\\View\\FileViewFinder.php(79): Illuminate\\View\\FileViewFinder->findInPaths('error', Array)
#1 C:\\Users\\mihad\\OneDrive\\Namizje\\microweber-master (3)\\vendor\\laravel\\framework\\src\\Illuminate\\View\\Factory.php(137): Illuminate\\View\\FileViewFinder->find('error')
#2 C:\\Users\\mihad\\OneDrive\\Namizje\\microweber-master (3)\\vendor\\laravel\\framework\\src\\Illuminate\\Foundation\\helpers.php(1035): Illuminate\\View\\Factory->make('error', Array, Array)
#3 C:\\Users\\mihad\\OneDrive\\Namizje\\microweber-master (3)\\app\\Http\\Controllers\\WebserviceController.php(58): view('error', Array)
#4 C:\\Users\\mihad\\OneDrive\\Namizje\\microweber-master (3)\\vendor\\laravel\\framework\\src\\Illuminate\\Routing\\Controller.php(54): App\\Http\\Controllers\\WebserviceController->allMembers(Object(Illuminate\\Http\\Request))
#5 C:\\Users\\mihad\\OneDrive\\Namizje\\microweber-master (3)\\vendor\\laravel\\framework\\src\\Illuminate\\Routing\\ControllerDispatcher.php(43): Illuminate\\Routing\\Controller->callAction('allMembers', Array)
#6 C:\\Users\\mihad\\OneDrive\\Namizje\\microweber-master (3)\\vendor\\laravel\\framework\\src\\Illuminate\\Routing\\Route.php(259): Illuminate\\Routing\\ControllerDispatcher->dispatch(Object(Illuminate\\Routing\\Route), Object(App\\Http\\Controllers\\WebserviceController), 'allMembers')
#7 C:\\Users\\mihad\\OneDrive\\Namizje\\microweber-master (3)\\vendor\\laravel\\framework\\src\\Illuminate\\Routing\\Route.php(205): Illuminate\\Routing\\Route->runController()
#8 C:\\Users\\mihad\\OneDrive\\Namizje\\microweber-master (3)\\vendor\\laravel\\framework\\src\\Illuminate\\Routing\\Router.php(798): Illuminate\\Routing\\Route->run()
#9 C:\\Users\\mihad\\OneDrive\\Namizje\\microweber-master (3)\\vendor\\laravel\\framework\\src\\Illuminate\\Pipeline\\Pipeline.php(141): Illuminate\\Routing\\Router->Illuminate\\Routing\\{closure}(Object(Illuminate\\Http\\Request))
#10 C:\\Users\\mihad\\OneDrive\\Namizje\\microweber-master (3)\\vendor\\laravel\\framework\\src\\Illuminate\\Pipeline\\Pipeline.php(116): Illuminate\\Pipeline\\Pipeline->Illuminate\\Pipeline\\{closure}(Object(Illuminate\\Http\\Request))
#11 C:\\Users\\mihad\\OneDrive\\Namizje\\microweber-master (3)\\vendor\\laravel\\framework\\src\\Illuminate\\Routing\\Router.php(797): Illuminate\\Pipeline\\Pipeline->then(Object(Closure))
#12 C:\\Users\\mihad\\OneDrive\\Namizje\\microweber-master (3)\\vendor\\laravel\\framework\\src\\Illuminate\\Routing\\Router.php(776): Illuminate\\Routing\\Router->runRouteWithinStack(Object(Illuminate\\Routing\\Route), Object(Illuminate\\Http\\Request))
#13 C:\\Users\\mihad\\OneDrive\\Namizje\\microweber-master (3)\\vendor\\laravel\\framework\\src\\Illuminate\\Routing\\Router.php(740): Illuminate\\Routing\\Router->runRoute(Object(Illuminate\\Http\\Request), Object(Illuminate\\Routing\\Route))
#14 C:\\Users\\mihad\\OneDrive\\Namizje\\microweber-master (3)\\vendor\\laravel\\framework\\src\\Illuminate\\Routing\\Router.php(729): Illuminate\\Routing\\Router->dispatchToRoute(Object(Illuminate\\Http\\Request))
#15 C:\\Users\\mihad\\OneDrive\\Namizje\\microweber-master (3)\\vendor\\laravel\\framework\\src\\Illuminate\\Foundation\\Http\\Kernel.php(190): Illuminate\\Routing\\Router->dispatch(Object(Illuminate\\Http\\Request))
#16 C:\\Users\\mihad\\OneDrive\\Namizje\\microweber-master (3)\\vendor\\laravel\\framework\\src\\Illuminate\\Pipeline\\Pipeline.php(141): Illuminate\\Foundation\\Http\\Kernel->Illuminate\\Foundation\\Http\\{closure}(Object(Illuminate\\Http\\Request))
#17 C:\\Users\\mihad\\OneDrive\\Namizje\\microweber-master (3)\\vendor\\barryvdh\\laravel-debugbar\\src\\Middleware\\InjectDebugbar.php(59): Illuminate\\Pipeline\\Pipeline->Illuminate\\Pipeline\\{closure}(Object(Illuminate\\Http\\Request))
#18 C:\\Users\\mihad\\OneDrive\\Namizje\\microweber-master (3)\\vendor\\laravel\\framework\\src\\Illuminate\\Pipeline\\Pipeline.php(180): Barryvdh\\Debugbar\\Middleware\\InjectDebugbar->handle(Object(Illuminate\\Http\\Request), Object(Closure))
#19 C:\\Users\\mihad\\OneDrive\\Namizje\\microweber-master (3)\\vendor\\livewire\\livewire\\src\\DisableBrowserCache.php(19): Illuminate\\Pipeline\\Pipeline->Illuminate\\Pipeline\\{closure}(Object(Illuminate\\Http\\Request))
#20 C:\\Users\\mihad\\OneDrive\\Namizje\\microweber-master (3)\\vendor\\laravel\\framework\\src\\Illuminate\\Pipeline\\Pipeline.php(180): Livewire\\DisableBrowserCache->handle(Object(Illuminate\\Http\\Request), Object(Closure))
#21 C:\\Users\\mihad\\OneDrive\\Namizje\\microweber-master (3)\\vendor\\laravel\\framework\\src\\Illuminate\\Http\\Middleware\\TrustProxies.php(39): Illuminate\\Pipeline\\Pipeline->Illuminate\\Pipeline\\{closure}(Object(Illuminate\\Http\\Request))
#22 C:\\Users\\mihad\\OneDrive\\Namizje\\microweber-master (3)\\vendor\\laravel\\framework\\src\\Illuminate\\Pipeline\\Pipeline.php(180): Illuminate\\Http\\Middleware\\TrustProxies->handle(Object(Illuminate\\Http\\Request), Object(Closure))
#23 C:\\Users\\mihad\\OneDrive\\Namizje\\microweber-master (3)\\vendor\\fruitcake\\laravel-cors\\src\\HandleCors.php(38): Illuminate\\Pipeline\\Pipeline->Illuminate\\Pipeline\\{closure}(Object(Illuminate\\Http\\Request))
#24 C:\\Users\\mihad\\OneDrive\\Namizje\\microweber-master (3)\\vendor\\laravel\\framework\\src\\Illuminate\\Pipeline\\Pipeline.php(180): Fruitcake\\Cors\\HandleCors->handle(Object(Illuminate\\Http\\Request), Object(Closure))
#25 C:\\Users\\mihad\\OneDrive\\Namizje\\microweber-master (3)\\vendor\\laravel\\framework\\src\\Illuminate\\Foundation\\Http\\Middleware\\PreventRequestsDuringMaintenance.php(86): Illuminate\\Pipeline\\Pipeline->Illuminate\\Pipeline\\{closure}(Object(Illuminate\\Http\\Request))
#26 C:\\Users\\mihad\\OneDrive\\Namizje\\microweber-master (3)\\vendor\\laravel\\framework\\src\\Illuminate\\Pipeline\\Pipeline.php(180): Illuminate\\Foundation\\Http\\Middleware\\PreventRequestsDuringMaintenance->handle(Object(Illuminate\\Http\\Request), Object(Closure))
#27 C:\\Users\\mihad\\OneDrive\\Namizje\\microweber-master (3)\\vendor\\laravel\\framework\\src\\Illuminate\\Foundation\\Http\\Middleware\\ValidatePostSize.php(27): Illuminate\\Pipeline\\Pipeline->Illuminate\\Pipeline\\{closure}(Object(Illuminate\\Http\\Request))
#28 C:\\Users\\mihad\\OneDrive\\Namizje\\microweber-master (3)\\vendor\\laravel\\framework\\src\\Illuminate\\Pipeline\\Pipeline.php(180): Illuminate\\Foundation\\Http\\Middleware\\ValidatePostSize->handle(Object(Illuminate\\Http\\Request), Object(Closure))
#29 C:\\Users\\mihad\\OneDrive\\Namizje\\microweber-master (3)\\vendor\\laravel\\framework\\src\\Illuminate\\Foundation\\Http\\Middleware\\TransformsRequest.php(21): Illuminate\\Pipeline\\Pipeline->Illuminate\\Pipeline\\{closure}(Object(Illuminate\\Http\\Request))
#30 C:\\Users\\mihad\\OneDrive\\Namizje\\microweber-master (3)\\vendor\\laravel\\framework\\src\\Illuminate\\Foundation\\Http\\Middleware\\TrimStrings.php(40): Illuminate\\Foundation\\Http\\Middleware\\TransformsRequest->handle(Object(Illuminate\\Http\\Request), Object(Closure))
#31 C:\\Users\\mihad\\OneDrive\\Namizje\\microweber-master (3)\\vendor\\laravel\\framework\\src\\Illuminate\\Pipeline\\Pipeline.php(180): Illuminate\\Foundation\\Http\\Middleware\\TrimStrings->handle(Object(Illuminate\\Http\\Request), Object(Closure))
#32 C:\\Users\\mihad\\OneDrive\\Namizje\\microweber-master (3)\\vendor\\laravel\\framework\\src\\Illuminate\\Session\\Middleware\\StartSession.php(121): Illuminate\\Pipeline\\Pipeline->Illuminate\\Pipeline\\{closure}(Object(Illuminate\\Http\\Request))
#33 C:\\Users\\mihad\\OneDrive\\Namizje\\microweber-master (3)\\vendor\\laravel\\framework\\src\\Illuminate\\Session\\Middleware\\StartSession.php(64): Illuminate\\Session\\Middleware\\StartSession->handleStatefulRequest(Object(Illuminate\\Http\\Request), Object(Illuminate\\Session\\Store), Object(Closure))
#34 C:\\Users\\mihad\\OneDrive\\Namizje\\microweber-master (3)\\src\\MicroweberPackages\\App\\Http\\Middleware\\StartSessionExtended.php(22): Illuminate\\Session\\Middleware\\StartSession->handle(Object(Illuminate\\Http\\Request), Object(Closure))
#35 C:\\Users\\mihad\\OneDrive\\Namizje\\microweber-master (3)\\vendor\\laravel\\framework\\src\\Illuminate\\Pipeline\\Pipeline.php(180): MicroweberPackages\\App\\Http\\Middleware\\StartSessionExtended->handle(Object(Illuminate\\Http\\Request), Object(Closure))
#36 C:\\Users\\mihad\\OneDrive\\Namizje\\microweber-master (3)\\vendor\\laravel\\framework\\src\\Illuminate\\Foundation\\Http\\Middleware\\TransformsRequest.php(21): Illuminate\\Pipeline\\Pipeline->Illuminate\\Pipeline\\{closure}(Object(Illuminate\\Http\\Request))
#37 C:\\Users\\mihad\\OneDrive\\Namizje\\microweber-master (3)\\vendor\\laravel\\framework\\src\\Illuminate\\Foundation\\Http\\Middleware\\ConvertEmptyStringsToNull.php(31): Illuminate\\Foundation\\Http\\Middleware\\TransformsRequest->handle(Object(Illuminate\\Http\\Request), Object(Closure))
#38 C:\\Users\\mihad\\OneDrive\\Namizje\\microweber-master (3)\\vendor\\laravel\\framework\\src\\Illuminate\\Pipeline\\Pipeline.php(180): Illuminate\\Foundation\\Http\\Middleware\\ConvertEmptyStringsToNull->handle(Object(Illuminate\\Http\\Request), Object(Closure))
#39 C:\\Users\\mihad\\OneDrive\\Namizje\\microweber-master (3)\\vendor\\laravel\\framework\\src\\Illuminate\\Cookie\\Middleware\\AddQueuedCookiesToResponse.php(37): Illuminate\\Pipeline\\Pipeline->Illuminate\\Pipeline\\{closure}(Object(Illuminate\\Http\\Request))
#40 C:\\Users\\mihad\\OneDrive\\Namizje\\microweber-master (3)\\vendor\\laravel\\framework\\src\\Illuminate\\Pipeline\\Pipeline.php(180): Illuminate\\Cookie\\Middleware\\AddQueuedCookiesToResponse->handle(Object(Illuminate\\Http\\Request), Object(Closure))
#41 C:\\Users\\mihad\\OneDrive\\Namizje\\microweber-master (3)\\vendor\\laravel\\framework\\src\\Illuminate\\Pipeline\\Pipeline.php(116): Illuminate\\Pipeline\\Pipeline->Illuminate\\Pipeline\\{closure}(Object(Illuminate\\Http\\Request))
#42 C:\\Users\\mihad\\OneDrive\\Namizje\\microweber-master (3)\\vendor\\laravel\\framework\\src\\Illuminate\\Foundation\\Http\\Kernel.php(165): Illuminate\\Pipeline\\Pipeline->then(Object(Closure))
#43 C:\\Users\\mihad\\OneDrive\\Namizje\\microweber-master (3)\\vendor\\laravel\\framework\\src\\Illuminate\\Foundation\\Http\\Kernel.php(134): Illuminate\\Foundation\\Http\\Kernel->sendRequestThroughRouter(Object(Illuminate\\Http\\Request))
#44 C:\\Users\\mihad\\OneDrive\\Namizje\\microweber-master (3)\\index.php(93): Illuminate\\Foundation\\Http\\Kernel->handle(Object(Illuminate\\Http\\Request))
#45 C:\\Users\\mihad\\OneDrive\\Namizje\\microweber-master (3)\\server.php(21): require_once('C:\\\\Users\\\\mihad\\\\...')
#46 {main}
"} 
[2023-05-29 11:24:46] production.ERROR: Command "SERVE" is ambiguous.
Did you mean one of these?
    serve      Serve the application on the PHP development s...
    serve-test Serve the application on the PHP testing serve.... {"exception":"[object] (Symfony\\Component\\Console\\Exception\\CommandNotFoundException(code: 0): Command \"SERVE\" is ambiguous.
Did you mean one of these?
    serve      Serve the application on the PHP development s...
    serve-test Serve the application on the PHP testing serve.... at C:\\Users\\mihad\\OneDrive\\Namizje\\Praktikum3\\Likus\\LikusFrontend\\vendor\\symfony\\console\\Application.php:766)
[stacktrace]
#0 C:\\Users\\mihad\\OneDrive\\Namizje\\Praktikum3\\Likus\\LikusFrontend\\vendor\\symfony\\console\\Application.php(262): Symfony\\Component\\Console\\Application->find('SERVE')
#1 C:\\Users\\mihad\\OneDrive\\Namizje\\Praktikum3\\Likus\\LikusFrontend\\vendor\\symfony\\console\\Application.php(174): Symfony\\Component\\Console\\Application->doRun(Object(Symfony\\Component\\Console\\Input\\ArgvInput), Object(Symfony\\Component\\Console\\Output\\ConsoleOutput))
#2 C:\\Users\\mihad\\OneDrive\\Namizje\\Praktikum3\\Likus\\LikusFrontend\\vendor\\laravel\\framework\\src\\Illuminate\\Console\\Application.php(102): Symfony\\Component\\Console\\Application->run(Object(Symfony\\Component\\Console\\Input\\ArgvInput), Object(Symfony\\Component\\Console\\Output\\ConsoleOutput))
#3 C:\\Users\\mihad\\OneDrive\\Namizje\\Praktikum3\\Likus\\LikusFrontend\\vendor\\laravel\\framework\\src\\Illuminate\\Foundation\\Console\\Kernel.php(155): Illuminate\\Console\\Application->run(Object(Symfony\\Component\\Console\\Input\\ArgvInput), Object(Symfony\\Component\\Console\\Output\\ConsoleOutput))
#4 C:\\Users\\mihad\\OneDrive\\Namizje\\Praktikum3\\Likus\\LikusFrontend\\artisan(31): Illuminate\\Foundation\\Console\\Kernel->handle(Object(Symfony\\Component\\Console\\Input\\ArgvInput), Object(Symfony\\Component\\Console\\Output\\ConsoleOutput))
#5 {main}
"} 
